<?xml version="1.0" ?>
<!DOCTYPE coverage SYSTEM "http://cobertura.sourceforge.net/xml/coverage-04.dtd">
<coverage lines-valid="714" lines-covered="685" line-rate="0.9593" branches-valid="237" branches-covered="214" branch-rate="0.9029" timestamp="1682006817735" complexity="0" version="0.1">
  <sources>
    <source>C:\Users\ibrah\OneDrive\Bureau\LOG2990-203\server</source>
  </sources>
  <packages>
    <package name="classes.http-exception-class" line-rate="1" branch-rate="1">
      <classes>
        <class name="http.exception.ts" filename="app\classes\http-exception-class\http.exception.ts" line-rate="1" branch-rate="1">
          <methods>
            <method name="(anonymous_0)" hits="1" signature="()V">
              <lines>
                <line number="4" hits="1"/>
              </lines>
            </method>
          </methods>
          <lines>
            <line number="1" hits="1" branch="false"/>
            <line number="3" hits="1" branch="false"/>
            <line number="4" hits="1" branch="true" condition-coverage="100% (1/1)"/>
            <line number="5" hits="1" branch="false"/>
            <line number="6" hits="1" branch="false"/>
          </lines>
        </class>
      </classes>
    </package>
    <package name="classes.queue-class" line-rate="1" branch-rate="1">
      <classes>
        <class name="queue.ts" filename="app\classes\queue-class\queue.ts" line-rate="1" branch-rate="1">
          <methods>
            <method name="(anonymous_0)" hits="14" signature="()V">
              <lines>
                <line number="6" hits="14"/>
              </lines>
            </method>
            <method name="(anonymous_1)" hits="68" signature="()V">
              <lines>
                <line number="14" hits="68"/>
              </lines>
            </method>
            <method name="(anonymous_2)" hits="57" signature="()V">
              <lines>
                <line number="18" hits="57"/>
              </lines>
            </method>
            <method name="(anonymous_3)" hits="56" signature="()V">
              <lines>
                <line number="22" hits="56"/>
              </lines>
            </method>
            <method name="(anonymous_4)" hits="55" signature="()V">
              <lines>
                <line number="30" hits="55"/>
              </lines>
            </method>
            <method name="(anonymous_5)" hits="1" signature="()V">
              <lines>
                <line number="35" hits="1"/>
              </lines>
            </method>
            <method name="(anonymous_6)" hits="1" signature="()V">
              <lines>
                <line number="39" hits="1"/>
              </lines>
            </method>
            <method name="(anonymous_7)" hits="6" signature="()V">
              <lines>
                <line number="42" hits="6"/>
              </lines>
            </method>
          </methods>
          <lines>
            <line number="1" hits="1" branch="false"/>
            <line number="7" hits="14" branch="false"/>
            <line number="10" hits="14" branch="false"/>
            <line number="11" hits="14" branch="false"/>
            <line number="15" hits="68" branch="false"/>
            <line number="19" hits="57" branch="false"/>
            <line number="23" hits="56" branch="true" condition-coverage="100% (2/2)"/>
            <line number="24" hits="1" branch="false"/>
            <line number="26" hits="55" branch="false"/>
            <line number="31" hits="55" branch="false"/>
            <line number="32" hits="55" branch="false"/>
            <line number="36" hits="1" branch="false"/>
            <line number="40" hits="1" branch="false"/>
            <line number="41" hits="1" branch="false"/>
            <line number="43" hits="6" branch="true" condition-coverage="100% (2/2)"/>
            <line number="52" hits="1" branch="false"/>
          </lines>
        </class>
      </classes>
    </package>
    <package name="classes.vector2-class" line-rate="1" branch-rate="1">
      <classes>
        <class name="vector2.ts" filename="app\classes\vector2-class\vector2.ts" line-rate="1" branch-rate="1">
          <methods>
            <method name="(anonymous_0)" hits="1" signature="()V">
              <lines>
                <line number="6" hits="1"/>
              </lines>
            </method>
          </methods>
          <lines>
            <line number="2" hits="1" branch="false"/>
            <line number="7" hits="1" branch="false"/>
            <line number="8" hits="1" branch="false"/>
          </lines>
        </class>
      </classes>
    </package>
    <package name="controllers.game-constants-controller" line-rate="1" branch-rate="1">
      <classes>
        <class name="game-constants.controller.ts" filename="app\controllers\game-constants-controller\game-constants.controller.ts" line-rate="1" branch-rate="1">
          <methods>
            <method name="(anonymous_9)" hits="1" signature="()V">
              <lines>
                <line number="9" hits="1"/>
              </lines>
            </method>
            <method name="(anonymous_10)" hits="1" signature="()V">
              <lines>
                <line number="13" hits="1"/>
              </lines>
            </method>
            <method name="(anonymous_11)" hits="2" signature="()V">
              <lines>
                <line number="16" hits="2"/>
              </lines>
            </method>
            <method name="(anonymous_12)" hits="2" signature="()V">
              <lines>
                <line number="16" hits="2"/>
              </lines>
            </method>
            <method name="(anonymous_13)" hits="2" signature="()V">
              <lines>
                <line number="25" hits="2"/>
              </lines>
            </method>
          </methods>
          <lines>
            <line number="1" hits="1" branch="false"/>
            <line number="2" hits="1" branch="false"/>
            <line number="3" hits="1" branch="false"/>
            <line number="4" hits="1" branch="false"/>
            <line number="7" hits="1" branch="false"/>
            <line number="9" hits="1" branch="false"/>
            <line number="10" hits="1" branch="false"/>
            <line number="14" hits="1" branch="false"/>
            <line number="16" hits="2" branch="false"/>
            <line number="17" hits="2" branch="false"/>
            <line number="18" hits="2" branch="false"/>
            <line number="19" hits="1" branch="false"/>
            <line number="21" hits="1" branch="false"/>
            <line number="25" hits="1" branch="false"/>
            <line number="26" hits="2" branch="false"/>
            <line number="27" hits="2" branch="false"/>
            <line number="28" hits="1" branch="false"/>
            <line number="30" hits="1" branch="false"/>
          </lines>
        </class>
      </classes>
    </package>
    <package name="controllers.games-controller" line-rate="0.8541" branch-rate="1">
      <classes>
        <class name="games.controller.ts" filename="app\controllers\games-controller\games.controller.ts" line-rate="0.8541" branch-rate="1">
          <methods>
            <method name="(anonymous_9)" hits="1" signature="()V">
              <lines>
                <line number="15" hits="1"/>
              </lines>
            </method>
            <method name="(anonymous_10)" hits="35" signature="()V">
              <lines>
                <line number="19" hits="35"/>
              </lines>
            </method>
            <method name="(anonymous_11)" hits="1" signature="()V">
              <lines>
                <line number="23" hits="1"/>
              </lines>
            </method>
            <method name="(anonymous_12)" hits="2" signature="()V">
              <lines>
                <line number="27" hits="2"/>
              </lines>
            </method>
            <method name="(anonymous_13)" hits="2" signature="()V">
              <lines>
                <line number="27" hits="2"/>
              </lines>
            </method>
            <method name="(anonymous_14)" hits="2" signature="()V">
              <lines>
                <line number="36" hits="2"/>
              </lines>
            </method>
            <method name="(anonymous_15)" hits="2" signature="()V">
              <lines>
                <line number="36" hits="2"/>
              </lines>
            </method>
            <method name="(anonymous_16)" hits="2" signature="()V">
              <lines>
                <line number="46" hits="2"/>
              </lines>
            </method>
            <method name="(anonymous_17)" hits="2" signature="()V">
              <lines>
                <line number="46" hits="2"/>
              </lines>
            </method>
            <method name="(anonymous_18)" hits="2" signature="()V">
              <lines>
                <line number="60" hits="2"/>
              </lines>
            </method>
            <method name="(anonymous_19)" hits="2" signature="()V">
              <lines>
                <line number="60" hits="2"/>
              </lines>
            </method>
            <method name="(anonymous_20)" hits="1" signature="()V">
              <lines>
                <line number="77" hits="1"/>
              </lines>
            </method>
            <method name="(anonymous_21)" hits="1" signature="()V">
              <lines>
                <line number="82" hits="1"/>
              </lines>
            </method>
            <method name="(anonymous_22)" hits="2" signature="()V">
              <lines>
                <line number="87" hits="2"/>
              </lines>
            </method>
            <method name="(anonymous_23)" hits="2" signature="()V">
              <lines>
                <line number="87" hits="2"/>
              </lines>
            </method>
            <method name="(anonymous_24)" hits="1" signature="()V">
              <lines>
                <line number="90" hits="1"/>
              </lines>
            </method>
            <method name="(anonymous_25)" hits="1" signature="()V">
              <lines>
                <line number="93" hits="1"/>
              </lines>
            </method>
            <method name="(anonymous_26)" hits="2" signature="()V">
              <lines>
                <line number="98" hits="2"/>
              </lines>
            </method>
            <method name="(anonymous_27)" hits="2" signature="()V">
              <lines>
                <line number="98" hits="2"/>
              </lines>
            </method>
            <method name="(anonymous_28)" hits="1" signature="()V">
              <lines>
                <line number="101" hits="1"/>
              </lines>
            </method>
            <method name="(anonymous_29)" hits="1" signature="()V">
              <lines>
                <line number="104" hits="1"/>
              </lines>
            </method>
          </methods>
          <lines>
            <line number="1" hits="1" branch="false"/>
            <line number="2" hits="1" branch="false"/>
            <line number="6" hits="1" branch="false"/>
            <line number="7" hits="1" branch="false"/>
            <line number="8" hits="1" branch="false"/>
            <line number="9" hits="1" branch="false"/>
            <line number="12" hits="1" branch="false"/>
            <line number="15" hits="1" branch="false"/>
            <line number="16" hits="1" branch="false"/>
            <line number="20" hits="35" branch="false"/>
            <line number="24" hits="1" branch="false"/>
            <line number="27" hits="2" branch="false"/>
            <line number="28" hits="2" branch="false"/>
            <line number="29" hits="2" branch="false"/>
            <line number="30" hits="0" branch="false"/>
            <line number="32" hits="2" branch="false"/>
            <line number="36" hits="2" branch="false"/>
            <line number="37" hits="2" branch="false"/>
            <line number="38" hits="2" branch="false"/>
            <line number="39" hits="0" branch="false"/>
            <line number="41" hits="2" branch="false"/>
            <line number="46" hits="2" branch="false"/>
            <line number="47" hits="2" branch="false"/>
            <line number="48" hits="2" branch="false"/>
            <line number="49" hits="0" branch="false"/>
            <line number="50" hits="0" branch="false"/>
            <line number="52" hits="0" branch="false"/>
            <line number="53" hits="0" branch="false"/>
            <line number="54" hits="0" branch="false"/>
            <line number="56" hits="2" branch="false"/>
            <line number="60" hits="2" branch="false"/>
            <line number="61" hits="2" branch="false"/>
            <line number="62" hits="2" branch="false"/>
            <line number="63" hits="2" branch="false"/>
            <line number="65" hits="2" branch="false"/>
            <line number="66" hits="2" branch="false"/>
            <line number="75" hits="2" branch="false"/>
            <line number="79" hits="1" branch="false"/>
            <line number="80" hits="1" branch="false"/>
            <line number="83" hits="1" branch="false"/>
            <line number="87" hits="2" branch="false"/>
            <line number="88" hits="2" branch="false"/>
            <line number="91" hits="1" branch="false"/>
            <line number="94" hits="1" branch="false"/>
            <line number="98" hits="2" branch="false"/>
            <line number="99" hits="2" branch="false"/>
            <line number="102" hits="1" branch="false"/>
            <line number="105" hits="1" branch="false"/>
          </lines>
        </class>
      </classes>
    </package>
    <package name="controllers.history-controller" line-rate="0.9444" branch-rate="1">
      <classes>
        <class name="history.controller.ts" filename="app\controllers\history-controller\history.controller.ts" line-rate="0.9444" branch-rate="1">
          <methods>
            <method name="(anonymous_9)" hits="1" signature="()V">
              <lines>
                <line number="9" hits="1"/>
              </lines>
            </method>
            <method name="(anonymous_10)" hits="1" signature="()V">
              <lines>
                <line number="13" hits="1"/>
              </lines>
            </method>
            <method name="(anonymous_11)" hits="2" signature="()V">
              <lines>
                <line number="16" hits="2"/>
              </lines>
            </method>
            <method name="(anonymous_12)" hits="2" signature="()V">
              <lines>
                <line number="16" hits="2"/>
              </lines>
            </method>
            <method name="(anonymous_13)" hits="1" signature="()V">
              <lines>
                <line number="25" hits="1"/>
              </lines>
            </method>
            <method name="(anonymous_14)" hits="1" signature="()V">
              <lines>
                <line number="25" hits="1"/>
              </lines>
            </method>
          </methods>
          <lines>
            <line number="1" hits="1" branch="false"/>
            <line number="2" hits="1" branch="false"/>
            <line number="3" hits="1" branch="false"/>
            <line number="4" hits="1" branch="false"/>
            <line number="7" hits="1" branch="false"/>
            <line number="9" hits="1" branch="false"/>
            <line number="10" hits="1" branch="false"/>
            <line number="14" hits="1" branch="false"/>
            <line number="16" hits="2" branch="false"/>
            <line number="17" hits="2" branch="false"/>
            <line number="18" hits="2" branch="false"/>
            <line number="19" hits="1" branch="false"/>
            <line number="21" hits="1" branch="false"/>
            <line number="25" hits="1" branch="false"/>
            <line number="26" hits="1" branch="false"/>
            <line number="27" hits="1" branch="false"/>
            <line number="28" hits="0" branch="false"/>
            <line number="30" hits="1" branch="false"/>
          </lines>
        </class>
      </classes>
    </package>
    <package name="controllers.image-processing-controller" line-rate="0.9129999999999999" branch-rate="1">
      <classes>
        <class name="image-processing.controller.ts" filename="app\controllers\image-processing-controller\image-processing.controller.ts" line-rate="0.9129999999999999" branch-rate="1">
          <methods>
            <method name="(anonymous_2)" hits="4" signature="()V">
              <lines>
                <line number="14" hits="4"/>
              </lines>
            </method>
            <method name="(anonymous_3)" hits="4" signature="()V">
              <lines>
                <line number="18" hits="4"/>
              </lines>
            </method>
            <method name="(anonymous_4)" hits="3" signature="()V">
              <lines>
                <line number="21" hits="3"/>
              </lines>
            </method>
          </methods>
          <lines>
            <line number="1" hits="1" branch="false"/>
            <line number="2" hits="1" branch="false"/>
            <line number="5" hits="1" branch="false"/>
            <line number="6" hits="1" branch="false"/>
            <line number="7" hits="1" branch="false"/>
            <line number="8" hits="1" branch="false"/>
            <line number="11" hits="1" branch="false"/>
            <line number="14" hits="4" branch="false"/>
            <line number="15" hits="4" branch="false"/>
            <line number="19" hits="4" branch="false"/>
            <line number="21" hits="4" branch="false"/>
            <line number="22" hits="3" branch="false"/>
            <line number="23" hits="3" branch="false"/>
            <line number="24" hits="3" branch="false"/>
            <line number="26" hits="3" branch="false"/>
            <line number="27" hits="3" branch="false"/>
            <line number="35" hits="3" branch="false"/>
            <line number="36" hits="3" branch="false"/>
            <line number="37" hits="0" branch="false"/>
            <line number="38" hits="0" branch="false"/>
            <line number="40" hits="3" branch="false"/>
            <line number="41" hits="3" branch="false"/>
            <line number="44" hits="3" branch="false"/>
          </lines>
        </class>
      </classes>
    </package>
    <package name="controllers.image-provider-controller" line-rate="1" branch-rate="1">
      <classes>
        <class name="image-provider.controller.ts" filename="app\controllers\image-provider-controller\image-provider.controller.ts" line-rate="1" branch-rate="1">
          <methods>
            <method name="(anonymous_9)" hits="4" signature="()V">
              <lines>
                <line number="12" hits="4"/>
              </lines>
            </method>
            <method name="(anonymous_10)" hits="4" signature="()V">
              <lines>
                <line number="16" hits="4"/>
              </lines>
            </method>
            <method name="(anonymous_11)" hits="3" signature="()V">
              <lines>
                <line number="19" hits="3"/>
              </lines>
            </method>
            <method name="(anonymous_12)" hits="3" signature="()V">
              <lines>
                <line number="19" hits="3"/>
              </lines>
            </method>
            <method name="(anonymous_13)" hits="3" signature="()V">
              <lines>
                <line number="23" hits="3"/>
              </lines>
            </method>
            <method name="(anonymous_14)" hits="2" signature="()V">
              <lines>
                <line number="29" hits="2"/>
              </lines>
            </method>
          </methods>
          <lines>
            <line number="1" hits="1" branch="false"/>
            <line number="2" hits="1" branch="false"/>
            <line number="3" hits="1" branch="false"/>
            <line number="4" hits="1" branch="false"/>
            <line number="5" hits="1" branch="false"/>
            <line number="6" hits="1" branch="false"/>
            <line number="9" hits="1" branch="false"/>
            <line number="13" hits="4" branch="false"/>
            <line number="17" hits="4" branch="false"/>
            <line number="19" hits="4" branch="false"/>
            <line number="20" hits="3" branch="false"/>
            <line number="23" hits="3" branch="false"/>
            <line number="24" hits="3" branch="true" condition-coverage="100% (2/2)"/>
            <line number="26" hits="1" branch="false"/>
            <line number="29" hits="2" branch="false"/>
            <line number="30" hits="2" branch="true" condition-coverage="100% (2/2)"/>
            <line number="32" hits="1" branch="false"/>
            <line number="35" hits="1" branch="false"/>
            <line number="36" hits="1" branch="false"/>
          </lines>
        </class>
      </classes>
    </package>
    <package name="services.database-service" line-rate="0.9229999999999999" branch-rate="1">
      <classes>
        <class name="database.service.ts" filename="app\services\database-service\database.service.ts" line-rate="0.9229999999999999" branch-rate="1">
          <methods>
            <method name="(anonymous_8)" hits="9" signature="()V">
              <lines>
                <line number="9" hits="9"/>
              </lines>
            </method>
            <method name="(anonymous_9)" hits="3" signature="()V">
              <lines>
                <line number="13" hits="3"/>
              </lines>
            </method>
            <method name="(anonymous_11)" hits="3" signature="()V">
              <lines>
                <line number="24" hits="3"/>
              </lines>
            </method>
            <method name="(anonymous_13)" hits="2" signature="()V">
              <lines>
                <line number="28" hits="2"/>
              </lines>
            </method>
          </methods>
          <lines>
            <line number="2" hits="1" branch="false"/>
            <line number="3" hits="1" branch="false"/>
            <line number="4" hits="1" branch="false"/>
            <line number="6" hits="1" branch="false"/>
            <line number="10" hits="9" branch="false"/>
            <line number="14" hits="3" branch="false"/>
            <line number="16" hits="3" branch="false"/>
            <line number="17" hits="3" branch="false"/>
            <line number="18" hits="3" branch="false"/>
            <line number="20" hits="0" branch="false"/>
            <line number="25" hits="3" branch="false"/>
            <line number="29" hits="2" branch="true" condition-coverage="100% (2/2)"/>
            <line number="30" hits="1" branch="false"/>
          </lines>
        </class>
      </classes>
    </package>
    <package name="services.database-service-mock" line-rate="1" branch-rate="1">
      <classes>
        <class name="database.service.mock.ts" filename="app\services\database-service-mock\database.service.mock.ts" line-rate="1" branch-rate="1">
          <methods>
            <method name="(anonymous_7)" hits="35" signature="()V">
              <lines>
                <line number="14" hits="35"/>
              </lines>
            </method>
            <method name="(anonymous_9)" hits="36" signature="()V">
              <lines>
                <line number="26" hits="36"/>
              </lines>
            </method>
            <method name="(anonymous_11)" hits="67" signature="()V">
              <lines>
                <line number="34" hits="67"/>
              </lines>
            </method>
            <method name="(anonymous_12)" hits="2" signature="()V">
              <lines>
                <line number="37" hits="2"/>
              </lines>
            </method>
          </methods>
          <lines>
            <line number="4" hits="1" branch="false"/>
            <line number="5" hits="1" branch="false"/>
            <line number="7" hits="1" branch="false"/>
            <line number="9" hits="1" branch="false"/>
            <line number="15" hits="35" branch="true" condition-coverage="100% (2/2)"/>
            <line number="16" hits="34" branch="false"/>
            <line number="17" hits="34" branch="false"/>
            <line number="18" hits="34" branch="false"/>
            <line number="19" hits="34" branch="false"/>
            <line number="20" hits="34" branch="false"/>
            <line number="23" hits="35" branch="false"/>
            <line number="27" hits="36" branch="true" condition-coverage="100% (2/2)"/>
            <line number="28" hits="34" branch="false"/>
            <line number="30" hits="2" branch="false"/>
            <line number="35" hits="67" branch="false"/>
            <line number="38" hits="2" branch="true" condition-coverage="100% (2/2)"/>
            <line number="39" hits="1" branch="false"/>
          </lines>
        </class>
      </classes>
    </package>
    <package name="services.file-system" line-rate="1" branch-rate="1">
      <classes>
        <class name="file-system-manager.ts" filename="app\services\file-system\file-system-manager.ts" line-rate="1" branch-rate="1">
          <methods>
            <method name="(anonymous_7)" hits="2" signature="()V">
              <lines>
                <line number="14" hits="2"/>
              </lines>
            </method>
          </methods>
          <lines>
            <line number="3" hits="1" branch="false"/>
            <line number="15" hits="2" branch="false"/>
            <line number="18" hits="1" branch="false"/>
          </lines>
        </class>
      </classes>
    </package>
    <package name="services.game-constants-service" line-rate="1" branch-rate="1">
      <classes>
        <class name="game-constant.service.ts" filename="app\services\game-constants-service\game-constant.service.ts" line-rate="1" branch-rate="1">
          <methods>
            <method name="(anonymous_1)" hits="2" signature="()V">
              <lines>
                <line number="9" hits="2"/>
              </lines>
            </method>
            <method name="(anonymous_2)" hits="2" signature="()V">
              <lines>
                <line number="22" hits="2"/>
              </lines>
            </method>
          </methods>
          <lines>
            <line number="2" hits="1" branch="false"/>
            <line number="4" hits="1" branch="false"/>
            <line number="5" hits="1" branch="false"/>
            <line number="8" hits="1" branch="false"/>
            <line number="11" hits="2" branch="false"/>
            <line number="12" hits="2" branch="false"/>
            <line number="13" hits="1" branch="false"/>
            <line number="14" hits="1" branch="false"/>
            <line number="16" hits="1" branch="false"/>
            <line number="17" hits="1" branch="false"/>
            <line number="19" hits="2" branch="false"/>
            <line number="23" hits="2" branch="false"/>
            <line number="24" hits="2" branch="false"/>
            <line number="25" hits="2" branch="false"/>
            <line number="26" hits="2" branch="false"/>
            <line number="28" hits="1" branch="false"/>
          </lines>
        </class>
      </classes>
    </package>
    <package name="services.game-ranking-service" line-rate="0.9229999999999999" branch-rate="0.8571">
      <classes>
        <class name="game-ranking.service.ts" filename="app\services\game-ranking-service\game-ranking.service.ts" line-rate="0.9229999999999999" branch-rate="0.8571">
          <methods>
            <method name="(anonymous_9)" hits="9" signature="()V">
              <lines>
                <line number="13" hits="9"/>
              </lines>
            </method>
            <method name="(anonymous_10)" hits="2" signature="()V">
              <lines>
                <line number="15" hits="2"/>
              </lines>
            </method>
            <method name="(anonymous_12)" hits="4" signature="()V">
              <lines>
                <line number="31" hits="4"/>
              </lines>
            </method>
            <method name="(anonymous_14)" hits="8" signature="()V">
              <lines>
                <line number="55" hits="8"/>
              </lines>
            </method>
          </methods>
          <lines>
            <line number="1" hits="1" branch="false"/>
            <line number="3" hits="1" branch="false"/>
            <line number="4" hits="1" branch="false"/>
            <line number="7" hits="1" branch="false"/>
            <line number="13" hits="9" branch="false"/>
            <line number="25" hits="2" branch="false"/>
            <line number="26" hits="2" branch="false"/>
            <line number="27" hits="2" branch="true" condition-coverage="100% (2/2)"/>
            <line number="28" hits="2" branch="false"/>
            <line number="32" hits="4" branch="false"/>
            <line number="33" hits="4" branch="true" condition-coverage="50% (1/2)"/>
            <line number="34" hits="0" branch="false"/>
            <line number="36" hits="4" branch="true" condition-coverage="100% (2/2)"/>
            <line number="40" hits="4" branch="true" condition-coverage="75% (3/4)"/>
            <line number="41" hits="4" branch="false"/>
            <line number="42" hits="4" branch="false"/>
            <line number="51" hits="0" branch="false"/>
            <line number="56" hits="8" branch="true" condition-coverage="100% (4/4)"/>
            <line number="58" hits="1" branch="false"/>
            <line number="59" hits="1" branch="false"/>
            <line number="62" hits="5" branch="false"/>
            <line number="63" hits="5" branch="false"/>
            <line number="66" hits="1" branch="false"/>
            <line number="67" hits="1" branch="false"/>
            <line number="70" hits="1" branch="false"/>
            <line number="71" hits="1" branch="false"/>
          </lines>
        </class>
      </classes>
    </package>
    <package name="services.game-storage-service" line-rate="0.9669" branch-rate="0.8571">
      <classes>
        <class name="game-storage.service.ts" filename="app\services\game-storage-service\game-storage.service.ts" line-rate="0.9669" branch-rate="0.8571">
          <methods>
            <method name="(anonymous_9)" hits="71" signature="()V">
              <lines>
                <line number="36" hits="71"/>
              </lines>
            </method>
            <method name="(anonymous_10)" hits="3" signature="()V">
              <lines>
                <line number="275" hits="3"/>
              </lines>
            </method>
            <method name="(anonymous_11)" hits="65" signature="()V">
              <lines>
                <line number="38" hits="65"/>
              </lines>
            </method>
            <method name="(anonymous_12)" hits="2" signature="()V">
              <lines>
                <line number="42" hits="2"/>
              </lines>
            </method>
            <method name="(anonymous_13)" hits="4" signature="()V">
              <lines>
                <line number="60" hits="4"/>
              </lines>
            </method>
            <method name="(anonymous_15)" hits="4" signature="()V">
              <lines>
                <line number="61" hits="4"/>
              </lines>
            </method>
            <method name="(anonymous_16)" hits="5" signature="()V">
              <lines>
                <line number="65" hits="5"/>
              </lines>
            </method>
            <method name="(anonymous_17)" hits="2" signature="()V">
              <lines>
                <line number="68" hits="2"/>
              </lines>
            </method>
            <method name="(anonymous_18)" hits="4" signature="()V">
              <lines>
                <line number="81" hits="4"/>
              </lines>
            </method>
            <method name="(anonymous_20)" hits="3" signature="()V">
              <lines>
                <line number="82" hits="3"/>
              </lines>
            </method>
            <method name="(anonymous_21)" hits="5" signature="()V">
              <lines>
                <line number="86" hits="5"/>
              </lines>
            </method>
            <method name="(anonymous_22)" hits="5" signature="()V">
              <lines>
                <line number="86" hits="5"/>
              </lines>
            </method>
            <method name="(anonymous_23)" hits="1" signature="()V">
              <lines>
                <line number="89" hits="1"/>
              </lines>
            </method>
            <method name="(anonymous_24)" hits="7" signature="()V">
              <lines>
                <line number="103" hits="7"/>
              </lines>
            </method>
            <method name="(anonymous_26)" hits="3" signature="()V">
              <lines>
                <line number="124" hits="3"/>
              </lines>
            </method>
            <method name="(anonymous_28)" hits="5" signature="()V">
              <lines>
                <line number="128" hits="5"/>
              </lines>
            </method>
            <method name="(anonymous_30)" hits="2" signature="()V">
              <lines>
                <line number="135" hits="2"/>
              </lines>
            </method>
            <method name="(anonymous_32)" hits="3" signature="()V">
              <lines>
                <line number="141" hits="3"/>
              </lines>
            </method>
            <method name="(anonymous_34)" hits="3" signature="()V">
              <lines>
                <line number="146" hits="3"/>
              </lines>
            </method>
            <method name="(anonymous_36)" hits="5" signature="()V">
              <lines>
                <line number="172" hits="5"/>
              </lines>
            </method>
            <method name="(anonymous_37)" hits="1" signature="()V">
              <lines>
                <line number="192" hits="1"/>
              </lines>
            </method>
            <method name="(anonymous_39)" hits="2" signature="()V">
              <lines>
                <line number="197" hits="2"/>
              </lines>
            </method>
            <method name="(anonymous_41)" hits="3" signature="()V">
              <lines>
                <line number="215" hits="3"/>
              </lines>
            </method>
            <method name="(anonymous_42)" hits="2" signature="()V">
              <lines>
                <line number="218" hits="2"/>
              </lines>
            </method>
            <method name="(anonymous_44)" hits="3" signature="()V">
              <lines>
                <line number="238" hits="3"/>
              </lines>
            </method>
            <method name="(anonymous_45)" hits="2" signature="()V">
              <lines>
                <line number="241" hits="2"/>
              </lines>
            </method>
            <method name="(anonymous_47)" hits="2" signature="()V">
              <lines>
                <line number="251" hits="2"/>
              </lines>
            </method>
            <method name="(anonymous_49)" hits="3" signature="()V">
              <lines>
                <line number="256" hits="3"/>
              </lines>
            </method>
            <method name="(anonymous_50)" hits="3" signature="()V">
              <lines>
                <line number="257" hits="3"/>
              </lines>
            </method>
            <method name="(anonymous_51)" hits="1" signature="()V">
              <lines>
                <line number="266" hits="1"/>
              </lines>
            </method>
            <method name="(anonymous_53)" hits="1" signature="()V">
              <lines>
                <line number="283" hits="1"/>
              </lines>
            </method>
          </methods>
          <lines>
            <line number="2" hits="1" branch="false"/>
            <line number="3" hits="1" branch="false"/>
            <line number="4" hits="1" branch="false"/>
            <line number="14" hits="1" branch="false"/>
            <line number="15" hits="1" branch="false"/>
            <line number="26" hits="1" branch="false"/>
            <line number="27" hits="1" branch="false"/>
            <line number="29" hits="1" branch="false"/>
            <line number="30" hits="1" branch="false"/>
            <line number="33" hits="1" branch="false"/>
            <line number="34" hits="71" branch="false"/>
            <line number="36" hits="71" branch="false"/>
            <line number="39" hits="65" branch="false"/>
            <line number="43" hits="2" branch="false"/>
            <line number="45" hits="2" branch="false"/>
            <line number="46" hits="2" branch="false"/>
            <line number="47" hits="2" branch="false"/>
            <line number="48" hits="1" branch="false"/>
            <line number="49" hits="1" branch="false"/>
            <line number="50" hits="1" branch="false"/>
            <line number="51" hits="1" branch="false"/>
            <line number="53" hits="1" branch="false"/>
            <line number="54" hits="1" branch="false"/>
            <line number="57" hits="2" branch="false"/>
            <line number="61" hits="4" branch="false"/>
            <line number="62" hits="4" branch="true" condition-coverage="100% (2/2)"/>
            <line number="63" hits="1" branch="false"/>
            <line number="65" hits="3" branch="false"/>
            <line number="66" hits="5" branch="true" condition-coverage="100% (2/2)"/>
            <line number="67" hits="2" branch="false"/>
            <line number="68" hits="2" branch="false"/>
            <line number="69" hits="2" branch="true" condition-coverage="50% (1/2)"/>
            <line number="70" hits="0" branch="false"/>
            <line number="72" hits="2" branch="false"/>
            <line number="82" hits="4" branch="false"/>
            <line number="83" hits="3" branch="true" condition-coverage="100% (2/2)"/>
            <line number="84" hits="1" branch="false"/>
            <line number="86" hits="5" branch="false"/>
            <line number="87" hits="5" branch="true" condition-coverage="100% (2/2)"/>
            <line number="88" hits="1" branch="false"/>
            <line number="89" hits="1" branch="false"/>
            <line number="90" hits="1" branch="true" condition-coverage="50% (1/2)"/>
            <line number="91" hits="0" branch="false"/>
            <line number="93" hits="1" branch="false"/>
            <line number="96" hits="1" branch="false"/>
            <line number="110" hits="7" branch="false"/>
            <line number="112" hits="4" branch="false"/>
            <line number="113" hits="4" branch="false"/>
            <line number="114" hits="3" branch="false"/>
            <line number="115" hits="3" branch="false"/>
            <line number="121" hits="4" branch="false"/>
            <line number="125" hits="3" branch="false"/>
            <line number="129" hits="5" branch="false"/>
            <line number="130" hits="5" branch="false"/>
            <line number="131" hits="2" branch="false"/>
            <line number="132" hits="2" branch="false"/>
            <line number="136" hits="2" branch="false"/>
            <line number="137" hits="2" branch="false"/>
            <line number="138" hits="1" branch="false"/>
            <line number="142" hits="3" branch="false"/>
            <line number="143" hits="3" branch="false"/>
            <line number="154" hits="3" branch="false"/>
            <line number="155" hits="3" branch="false"/>
            <line number="161" hits="1" branch="false"/>
            <line number="162" hits="1" branch="false"/>
            <line number="163" hits="1" branch="false"/>
            <line number="169" hits="1" branch="false"/>
            <line number="173" hits="5" branch="false"/>
            <line number="174" hits="5" branch="false"/>
            <line number="175" hits="5" branch="false"/>
            <line number="177" hits="5" branch="false"/>
            <line number="178" hits="5" branch="false"/>
            <line number="180" hits="5" branch="false"/>
            <line number="183" hits="5" branch="false"/>
            <line number="184" hits="5" branch="false"/>
            <line number="186" hits="5" branch="false"/>
            <line number="189" hits="5" branch="false"/>
            <line number="193" hits="1" branch="false"/>
            <line number="194" hits="1" branch="false"/>
            <line number="198" hits="2" branch="false"/>
            <line number="199" hits="2" branch="false"/>
            <line number="201" hits="2" branch="false"/>
            <line number="202" hits="2" branch="false"/>
            <line number="203" hits="2" branch="true" condition-coverage="100% (2/2)"/>
            <line number="204" hits="1" branch="false"/>
            <line number="209" hits="1" branch="false"/>
            <line number="210" hits="1" branch="false"/>
            <line number="211" hits="1" branch="false"/>
            <line number="213" hits="0" branch="false"/>
            <line number="215" hits="3" branch="true" condition-coverage="75% (3/4)"/>
            <line number="219" hits="2" branch="false"/>
            <line number="220" hits="2" branch="false"/>
            <line number="222" hits="2" branch="false"/>
            <line number="223" hits="2" branch="false"/>
            <line number="224" hits="2" branch="true" condition-coverage="100% (2/2)"/>
            <line number="226" hits="1" branch="false"/>
            <line number="232" hits="1" branch="false"/>
            <line number="233" hits="1" branch="false"/>
            <line number="234" hits="1" branch="false"/>
            <line number="236" hits="0" branch="false"/>
            <line number="238" hits="3" branch="true" condition-coverage="75% (3/4)"/>
            <line number="242" hits="2" branch="false"/>
            <line number="243" hits="2" branch="false"/>
            <line number="244" hits="2" branch="false"/>
            <line number="245" hits="2" branch="false"/>
            <line number="247" hits="1" branch="false"/>
            <line number="252" hits="2" branch="false"/>
            <line number="253" hits="2" branch="false"/>
            <line number="257" hits="3" branch="false"/>
            <line number="258" hits="3" branch="true" condition-coverage="100% (2/2)"/>
            <line number="259" hits="1" branch="false"/>
            <line number="261" hits="2" branch="false"/>
            <line number="267" hits="1" branch="false"/>
            <line number="269" hits="1" branch="false"/>
            <line number="271" hits="1" branch="false"/>
            <line number="272" hits="1" branch="false"/>
            <line number="275" hits="71" branch="false"/>
            <line number="276" hits="3" branch="true" condition-coverage="100% (2/2)"/>
            <line number="277" hits="1" branch="false"/>
            <line number="279" hits="2" branch="false"/>
            <line number="284" hits="1" branch="false"/>
          </lines>
        </class>
      </classes>
    </package>
    <package name="services.history-storage-service" line-rate="1" branch-rate="1">
      <classes>
        <class name="history-storage.service.ts" filename="app\services\history-storage-service\history-storage.service.ts" line-rate="1" branch-rate="1">
          <methods>
            <method name="(anonymous_9)" hits="27" signature="()V">
              <lines>
                <line number="8" hits="27"/>
              </lines>
            </method>
            <method name="(anonymous_10)" hits="14" signature="()V">
              <lines>
                <line number="10" hits="14"/>
              </lines>
            </method>
            <method name="(anonymous_11)" hits="5" signature="()V">
              <lines>
                <line number="14" hits="5"/>
              </lines>
            </method>
            <method name="(anonymous_13)" hits="3" signature="()V">
              <lines>
                <line number="18" hits="3"/>
              </lines>
            </method>
            <method name="(anonymous_15)" hits="2" signature="()V">
              <lines>
                <line number="22" hits="2"/>
              </lines>
            </method>
          </methods>
          <lines>
            <line number="1" hits="1" branch="false"/>
            <line number="4" hits="1" branch="false"/>
            <line number="7" hits="1" branch="false"/>
            <line number="8" hits="27" branch="false"/>
            <line number="11" hits="14" branch="false"/>
            <line number="15" hits="5" branch="false"/>
            <line number="19" hits="3" branch="false"/>
            <line number="23" hits="2" branch="false"/>
          </lines>
        </class>
      </classes>
    </package>
    <package name="services.image-processing-service" line-rate="1" branch-rate="0.9791">
      <classes>
        <class name="image-processing.service.ts" filename="app\services\image-processing-service\image-processing.service.ts" line-rate="1" branch-rate="0.9791">
          <methods>
            <method name="(anonymous_1)" hits="33" signature="()V">
              <lines>
                <line number="10" hits="33"/>
              </lines>
            </method>
            <method name="(anonymous_2)" hits="6" signature="()V">
              <lines>
                <line number="16" hits="6"/>
              </lines>
            </method>
            <method name="(anonymous_3)" hits="3" signature="()V">
              <lines>
                <line number="62" hits="3"/>
              </lines>
            </method>
            <method name="(anonymous_4)" hits="3" signature="()V">
              <lines>
                <line number="72" hits="3"/>
              </lines>
            </method>
            <method name="(anonymous_5)" hits="4" signature="()V">
              <lines>
                <line number="93" hits="4"/>
              </lines>
            </method>
            <method name="(anonymous_6)" hits="12" signature="()V">
              <lines>
                <line number="95" hits="12"/>
              </lines>
            </method>
            <method name="(anonymous_7)" hits="2" signature="()V">
              <lines>
                <line number="102" hits="2"/>
              </lines>
            </method>
            <method name="(anonymous_8)" hits="10" signature="()V">
              <lines>
                <line number="108" hits="10"/>
              </lines>
            </method>
            <method name="(anonymous_9)" hits="13" signature="()V">
              <lines>
                <line number="130" hits="13"/>
              </lines>
            </method>
            <method name="(anonymous_10)" hits="26" signature="()V">
              <lines>
                <line number="162" hits="26"/>
              </lines>
            </method>
            <method name="(anonymous_11)" hits="22" signature="()V">
              <lines>
                <line number="191" hits="22"/>
              </lines>
            </method>
            <method name="(anonymous_12)" hits="18" signature="()V">
              <lines>
                <line number="206" hits="18"/>
              </lines>
            </method>
            <method name="(anonymous_13)" hits="13" signature="()V">
              <lines>
                <line number="217" hits="13"/>
              </lines>
            </method>
            <method name="(anonymous_14)" hits="13" signature="()V">
              <lines>
                <line number="239" hits="13"/>
              </lines>
            </method>
            <method name="(anonymous_15)" hits="6" signature="()V">
              <lines>
                <line number="253" hits="6"/>
              </lines>
            </method>
            <method name="(anonymous_16)" hits="2" signature="()V">
              <lines>
                <line number="260" hits="2"/>
              </lines>
            </method>
            <method name="(anonymous_17)" hits="2" signature="()V">
              <lines>
                <line number="266" hits="2"/>
              </lines>
            </method>
          </methods>
          <lines>
            <line number="1" hits="1" branch="false"/>
            <line number="2" hits="1" branch="false"/>
            <line number="3" hits="1" branch="false"/>
            <line number="6" hits="1" branch="false"/>
            <line number="7" hits="1" branch="false"/>
            <line number="10" hits="1" branch="false"/>
            <line number="11" hits="1" branch="false"/>
            <line number="12" hits="1" branch="false"/>
            <line number="13" hits="1" branch="false"/>
            <line number="14" hits="1" branch="false"/>
            <line number="16" hits="33" branch="false"/>
            <line number="17" hits="6" branch="false"/>
            <line number="19" hits="6" branch="false"/>
            <line number="20" hits="3" branch="false"/>
            <line number="22" hits="3" branch="true" condition-coverage="100% (2/2)"/>
            <line number="28" hits="1" branch="false"/>
            <line number="40" hits="2" branch="true" condition-coverage="100% (4/4)"/>
            <line number="42" hits="1" branch="false"/>
            <line number="43" hits="1" branch="false"/>
            <line number="44" hits="1" branch="false"/>
            <line number="46" hits="1" branch="false"/>
            <line number="47" hits="1" branch="false"/>
            <line number="50" hits="1" branch="false"/>
            <line number="52" hits="1" branch="false"/>
            <line number="62" hits="33" branch="false"/>
            <line number="63" hits="3" branch="false"/>
            <line number="72" hits="33" branch="false"/>
            <line number="73" hits="3" branch="false"/>
            <line number="74" hits="3" branch="false"/>
            <line number="75" hits="2" branch="false"/>
            <line number="77" hits="2" branch="false"/>
            <line number="78" hits="2" branch="false"/>
            <line number="79" hits="10" branch="false"/>
            <line number="80" hits="10" branch="false"/>
            <line number="81" hits="10" branch="true" condition-coverage="100% (5/5)"/>
            <line number="82" hits="5" branch="false"/>
            <line number="87" hits="2" branch="false"/>
            <line number="89" hits="1" branch="false"/>
            <line number="93" hits="33" branch="false"/>
            <line number="94" hits="4" branch="false"/>
            <line number="95" hits="4" branch="false"/>
            <line number="96" hits="12" branch="false"/>
            <line number="99" hits="1" branch="false"/>
            <line number="102" hits="33" branch="false"/>
            <line number="103" hits="2" branch="false"/>
            <line number="104" hits="2" branch="false"/>
            <line number="105" hits="2" branch="false"/>
            <line number="106" hits="2" branch="false"/>
            <line number="107" hits="2" branch="false"/>
            <line number="108" hits="2" branch="false"/>
            <line number="109" hits="10" branch="false"/>
            <line number="112" hits="2" branch="false"/>
            <line number="113" hits="2" branch="false"/>
            <line number="114" hits="2" branch="false"/>
            <line number="115" hits="2" branch="false"/>
            <line number="116" hits="2" branch="false"/>
            <line number="117" hits="2" branch="false"/>
            <line number="118" hits="10" branch="false"/>
            <line number="119" hits="10" branch="false"/>
            <line number="121" hits="10" branch="false"/>
            <line number="122" hits="10" branch="true" condition-coverage="100% (4/4)"/>
            <line number="123" hits="2" branch="false"/>
            <line number="124" hits="2" branch="false"/>
            <line number="127" hits="2" branch="true" condition-coverage="50% (1/2)"/>
            <line number="128" hits="2" branch="false"/>
            <line number="130" hits="33" branch="false"/>
            <line number="141" hits="13" branch="false"/>
            <line number="142" hits="54" branch="false"/>
            <line number="145" hits="54" branch="true" condition-coverage="100% (2/2)"/>
            <line number="146" hits="25" branch="false"/>
            <line number="147" hits="25" branch="false"/>
            <line number="150" hits="29" branch="false"/>
            <line number="152" hits="29" branch="true" condition-coverage="100% (4/4)"/>
            <line number="153" hits="1" branch="false"/>
            <line number="156" hits="28" branch="false"/>
            <line number="159" hits="26" branch="false"/>
            <line number="162" hits="33" branch="false"/>
            <line number="170" hits="26" branch="false"/>
            <line number="171" hits="78" branch="true" condition-coverage="100% (4/4)"/>
            <line number="172" hits="54" branch="false"/>
            <line number="173" hits="162" branch="true" condition-coverage="100% (4/4)"/>
            <line number="174" hits="147" branch="false"/>
            <line number="175" hits="147" branch="true" condition-coverage="100% (2/2)"/>
            <line number="182" hits="43" branch="false"/>
            <line number="191" hits="33" branch="false"/>
            <line number="192" hits="22" branch="false"/>
            <line number="193" hits="22" branch="false"/>
            <line number="196" hits="21" branch="false"/>
            <line number="197" hits="21" branch="false"/>
            <line number="198" hits="21" branch="false"/>
            <line number="200" hits="21" branch="false"/>
            <line number="202" hits="1" branch="false"/>
            <line number="206" hits="33" branch="false"/>
            <line number="207" hits="18" branch="false"/>
            <line number="208" hits="18" branch="false"/>
            <line number="209" hits="8" branch="false"/>
            <line number="210" hits="8" branch="false"/>
            <line number="211" hits="8" branch="false"/>
            <line number="213" hits="10" branch="false"/>
            <line number="217" hits="33" branch="false"/>
            <line number="219" hits="13" branch="false"/>
            <line number="222" hits="13" branch="false"/>
            <line number="224" hits="13" branch="false"/>
            <line number="225" hits="7" branch="false"/>
            <line number="228" hits="7" branch="true" condition-coverage="100% (2/2)"/>
            <line number="230" hits="1" branch="false"/>
            <line number="233" hits="1" branch="false"/>
            <line number="236" hits="2" branch="false"/>
            <line number="239" hits="33" branch="false"/>
            <line number="240" hits="13" branch="false"/>
            <line number="241" hits="13" branch="false"/>
            <line number="243" hits="13" branch="false"/>
            <line number="244" hits="2" branch="false"/>
            <line number="246" hits="2" branch="true" condition-coverage="100% (2/2)"/>
            <line number="247" hits="1" branch="false"/>
            <line number="250" hits="2" branch="false"/>
            <line number="253" hits="33" branch="false"/>
            <line number="254" hits="6" branch="false"/>
            <line number="255" hits="6" branch="false"/>
            <line number="257" hits="1" branch="false"/>
            <line number="260" hits="33" branch="false"/>
            <line number="261" hits="2" branch="false"/>
            <line number="262" hits="2" branch="false"/>
            <line number="263" hits="2" branch="false"/>
            <line number="266" hits="33" branch="false"/>
            <line number="267" hits="2" branch="false"/>
            <line number="268" hits="2" branch="false"/>
            <line number="270" hits="1" branch="false"/>
            <line number="271" hits="1" branch="false"/>
            <line number="272" hits="5" branch="false"/>
            <line number="276" hits="1" branch="false"/>
          </lines>
        </class>
      </classes>
    </package>
    <package name="services.match-manager-service" line-rate="0.9714" branch-rate="0.8469">
      <classes>
        <class name="match-manager.service.ts" filename="app\services\match-manager-service\match-manager.service.ts" line-rate="0.9714" branch-rate="0.8469">
          <methods>
            <method name="(anonymous_2)" hits="23" signature="()V">
              <lines>
                <line number="15" hits="23"/>
              </lines>
            </method>
            <method name="(anonymous_3)" hits="1" signature="()V">
              <lines>
                <line number="17" hits="1"/>
              </lines>
            </method>
            <method name="(anonymous_4)" hits="23" signature="()V">
              <lines>
                <line number="21" hits="23"/>
              </lines>
            </method>
            <method name="(anonymous_5)" hits="7" signature="()V">
              <lines>
                <line number="29" hits="7"/>
              </lines>
            </method>
            <method name="(anonymous_6)" hits="2" signature="()V">
              <lines>
                <line number="35" hits="2"/>
              </lines>
            </method>
            <method name="(anonymous_7)" hits="2" signature="()V">
              <lines>
                <line number="44" hits="2"/>
              </lines>
            </method>
            <method name="(anonymous_8)" hits="29" signature="()V">
              <lines>
                <line number="52" hits="29"/>
              </lines>
            </method>
            <method name="(anonymous_9)" hits="11" signature="()V">
              <lines>
                <line number="72" hits="11"/>
              </lines>
            </method>
            <method name="(anonymous_10)" hits="1" signature="()V">
              <lines>
                <line number="109" hits="1"/>
              </lines>
            </method>
            <method name="(anonymous_11)" hits="1" signature="()V">
              <lines>
                <line number="124" hits="1"/>
              </lines>
            </method>
            <method name="(anonymous_12)" hits="45" signature="()V">
              <lines>
                <line number="131" hits="45"/>
              </lines>
            </method>
            <method name="(anonymous_13)" hits="3" signature="()V">
              <lines>
                <line number="140" hits="3"/>
              </lines>
            </method>
          </methods>
          <lines>
            <line number="1" hits="1" branch="false"/>
            <line number="2" hits="1" branch="false"/>
            <line number="4" hits="1" branch="false"/>
            <line number="5" hits="1" branch="false"/>
            <line number="7" hits="1" branch="false"/>
            <line number="8" hits="1" branch="false"/>
            <line number="11" hits="1" branch="false"/>
            <line number="13" hits="23" branch="false"/>
            <line number="15" hits="23" branch="false"/>
            <line number="18" hits="1" branch="false"/>
            <line number="22" hits="23" branch="false"/>
            <line number="23" hits="23" branch="false"/>
            <line number="24" hits="23" branch="false"/>
            <line number="25" hits="23" branch="false"/>
            <line number="26" hits="23" branch="false"/>
            <line number="30" hits="7" branch="false"/>
            <line number="32" hits="7" branch="true" condition-coverage="100% (2/2)"/>
            <line number="36" hits="2" branch="false"/>
            <line number="37" hits="2" branch="true" condition-coverage="100% (6/6)"/>
            <line number="39" hits="1" branch="true" condition-coverage="66.66666666666666% (4/6)"/>
            <line number="40" hits="1" branch="false"/>
            <line number="45" hits="2" branch="false"/>
            <line number="46" hits="2" branch="true" condition-coverage="100% (6/6)"/>
            <line number="47" hits="1" branch="false"/>
            <line number="48" hits="1" branch="false"/>
            <line number="53" hits="29" branch="false"/>
            <line number="55" hits="29" branch="true" condition-coverage="100% (2/2)"/>
            <line number="56" hits="26" branch="true" condition-coverage="100% (2/2)"/>
            <line number="57" hits="15" branch="false"/>
            <line number="58" hits="15" branch="false"/>
            <line number="59" hits="15" branch="true" condition-coverage="100% (2/2)"/>
            <line number="61" hits="11" branch="false"/>
            <line number="62" hits="11" branch="false"/>
            <line number="63" hits="11" branch="true" condition-coverage="100% (2/2)"/>
            <line number="66" hits="26" branch="true" condition-coverage="60% (3/5)"/>
            <line number="67" hits="0" branch="false"/>
            <line number="73" hits="11" branch="false"/>
            <line number="74" hits="11" branch="false"/>
            <line number="75" hits="11" branch="true" condition-coverage="100% (6/6)"/>
            <line number="76" hits="5" branch="false"/>
            <line number="77" hits="5" branch="false"/>
            <line number="78" hits="5" branch="false"/>
            <line number="80" hits="6" branch="true" condition-coverage="83.33333333333334% (5/6)"/>
            <line number="81" hits="5" branch="false"/>
            <line number="82" hits="5" branch="false"/>
            <line number="83" hits="5" branch="false"/>
            <line number="87" hits="11" branch="true" condition-coverage="100% (2/2)"/>
            <line number="88" hits="10" branch="true" condition-coverage="100% (4/4)"/>
            <line number="89" hits="1" branch="false"/>
            <line number="91" hits="9" branch="true" condition-coverage="100% (2/2)"/>
            <line number="98" hits="1" branch="true" condition-coverage="50% (1/2)"/>
            <line number="99" hits="1" branch="false"/>
            <line number="100" hits="8" branch="true" condition-coverage="50% (1/2)"/>
            <line number="101" hits="0" branch="false"/>
            <line number="106" hits="11" branch="true" condition-coverage="100% (8/8)"/>
            <line number="110" hits="1" branch="false"/>
            <line number="121" hits="1" branch="false"/>
            <line number="125" hits="1" branch="false"/>
            <line number="126" hits="1" branch="false"/>
            <line number="127" hits="1" branch="false"/>
            <line number="128" hits="1" branch="false"/>
            <line number="132" hits="45" branch="false"/>
            <line number="133" hits="45" branch="true" condition-coverage="100% (2/2)"/>
            <line number="134" hits="31" branch="false"/>
            <line number="137" hits="14" branch="false"/>
            <line number="141" hits="3" branch="false"/>
            <line number="142" hits="3" branch="true" condition-coverage="100% (2/2)"/>
            <line number="146" hits="2" branch="true" condition-coverage="100% (2/2)"/>
            <line number="147" hits="1" branch="false"/>
            <line number="151" hits="2" branch="false"/>
          </lines>
        </class>
      </classes>
    </package>
    <package name="services.matching-difference-service" line-rate="1" branch-rate="1">
      <classes>
        <class name="matching-differences.service.ts" filename="app\services\matching-difference-service\matching-differences.service.ts" line-rate="1" branch-rate="1">
          <methods>
            <method name="(anonymous_1)" hits="4" signature="()V">
              <lines>
                <line number="8" hits="4"/>
              </lines>
            </method>
          </methods>
          <lines>
            <line number="3" hits="1" branch="false"/>
            <line number="4" hits="1" branch="false"/>
            <line number="7" hits="1" branch="false"/>
            <line number="9" hits="4" branch="true" condition-coverage="100% (4/4)"/>
            <line number="11" hits="3" branch="false"/>
            <line number="12" hits="3" branch="false"/>
            <line number="13" hits="4" branch="false"/>
            <line number="14" hits="4" branch="false"/>
            <line number="15" hits="7" branch="true" condition-coverage="100% (4/4)"/>
            <line number="16" hits="2" branch="false"/>
            <line number="20" hits="1" branch="false"/>
          </lines>
        </class>
      </classes>
    </package>
    <package name="services.socket-manager-service" line-rate="0.9212" branch-rate="0.9545">
      <classes>
        <class name="socket-manager.service.ts" filename="app\services\socket-manager-service\socket-manager.service.ts" line-rate="0.9212" branch-rate="0.9545">
          <methods>
            <method name="(anonymous_7)" hits="35" signature="()V">
              <lines>
                <line number="18" hits="35"/>
              </lines>
            </method>
            <method name="(anonymous_8)" hits="35" signature="()V">
              <lines>
                <line number="28" hits="35"/>
              </lines>
            </method>
            <method name="(anonymous_9)" hits="35" signature="()V">
              <lines>
                <line number="29" hits="35"/>
              </lines>
            </method>
            <method name="(anonymous_10)" hits="1" signature="()V">
              <lines>
                <line number="32" hits="1"/>
              </lines>
            </method>
            <method name="(anonymous_11)" hits="2" signature="()V">
              <lines>
                <line number="37" hits="2"/>
              </lines>
            </method>
            <method name="(anonymous_12)" hits="2" signature="()V">
              <lines>
                <line number="55" hits="2"/>
              </lines>
            </method>
            <method name="(anonymous_13)" hits="6" signature="()V">
              <lines>
                <line number="62" hits="6"/>
              </lines>
            </method>
            <method name="(anonymous_14)" hits="1" signature="()V">
              <lines>
                <line number="67" hits="1"/>
              </lines>
            </method>
            <method name="(anonymous_15)" hits="1" signature="()V">
              <lines>
                <line number="72" hits="1"/>
              </lines>
            </method>
            <method name="(anonymous_16)" hits="1" signature="()V">
              <lines>
                <line number="77" hits="1"/>
              </lines>
            </method>
            <method name="(anonymous_17)" hits="1" signature="()V">
              <lines>
                <line number="83" hits="1"/>
              </lines>
            </method>
            <method name="(anonymous_18)" hits="1" signature="()V">
              <lines>
                <line number="88" hits="1"/>
              </lines>
            </method>
            <method name="(anonymous_19)" hits="1" signature="()V">
              <lines>
                <line number="93" hits="1"/>
              </lines>
            </method>
            <method name="(anonymous_20)" hits="1" signature="()V">
              <lines>
                <line number="97" hits="1"/>
              </lines>
            </method>
            <method name="(anonymous_21)" hits="1" signature="()V">
              <lines>
                <line number="101" hits="1"/>
              </lines>
            </method>
            <method name="(anonymous_22)" hits="2" signature="()V">
              <lines>
                <line number="105" hits="2"/>
              </lines>
            </method>
            <method name="(anonymous_23)" hits="3" signature="()V">
              <lines>
                <line number="113" hits="3"/>
              </lines>
            </method>
            <method name="(anonymous_24)" hits="1" signature="()V">
              <lines>
                <line number="118" hits="1"/>
              </lines>
            </method>
            <method name="(anonymous_25)" hits="1" signature="()V">
              <lines>
                <line number="123" hits="1"/>
              </lines>
            </method>
            <method name="(anonymous_26)" hits="1" signature="()V">
              <lines>
                <line number="129" hits="1"/>
              </lines>
            </method>
            <method name="(anonymous_27)" hits="1" signature="()V">
              <lines>
                <line number="129" hits="1"/>
              </lines>
            </method>
            <method name="(anonymous_28)" hits="1" signature="()V">
              <lines>
                <line number="135" hits="1"/>
              </lines>
            </method>
            <method name="(anonymous_29)" hits="1" signature="()V">
              <lines>
                <line number="135" hits="1"/>
              </lines>
            </method>
            <method name="(anonymous_30)" hits="3" signature="()V">
              <lines>
                <line number="143" hits="3"/>
              </lines>
            </method>
            <method name="(anonymous_31)" hits="2" signature="()V">
              <lines>
                <line number="157" hits="2"/>
              </lines>
            </method>
            <method name="(anonymous_32)" hits="1" signature="()V">
              <lines>
                <line number="165" hits="1"/>
              </lines>
            </method>
            <method name="(anonymous_33)" hits="1" signature="()V">
              <lines>
                <line number="165" hits="1"/>
              </lines>
            </method>
            <method name="(anonymous_34)" hits="1" signature="()V">
              <lines>
                <line number="170" hits="1"/>
              </lines>
            </method>
            <method name="(anonymous_35)" hits="1" signature="()V">
              <lines>
                <line number="170" hits="1"/>
              </lines>
            </method>
            <method name="(anonymous_36)" hits="1" signature="()V">
              <lines>
                <line number="180" hits="1"/>
              </lines>
            </method>
            <method name="(anonymous_37)" hits="4" signature="()V">
              <lines>
                <line number="187" hits="4"/>
              </lines>
            </method>
            <method name="(anonymous_38)" hits="3" signature="()V">
              <lines>
                <line number="189" hits="3"/>
              </lines>
            </method>
            <method name="(anonymous_39)" hits="0" signature="()V">
              <lines>
                <line number="195" hits="0"/>
              </lines>
            </method>
            <method name="(anonymous_40)" hits="3" signature="()V">
              <lines>
                <line number="205" hits="3"/>
              </lines>
            </method>
            <method name="(anonymous_41)" hits="3" signature="()V">
              <lines>
                <line number="206" hits="3"/>
              </lines>
            </method>
            <method name="(anonymous_42)" hits="2" signature="()V">
              <lines>
                <line number="220" hits="2"/>
              </lines>
            </method>
            <method name="(anonymous_43)" hits="7" signature="()V">
              <lines>
                <line number="228" hits="7"/>
              </lines>
            </method>
            <method name="(anonymous_44)" hits="7" signature="()V">
              <lines>
                <line number="232" hits="7"/>
              </lines>
            </method>
            <method name="(anonymous_45)" hits="4" signature="()V">
              <lines>
                <line number="236" hits="4"/>
              </lines>
            </method>
            <method name="(anonymous_46)" hits="3" signature="()V">
              <lines>
                <line number="246" hits="3"/>
              </lines>
            </method>
            <method name="(anonymous_47)" hits="3" signature="()V">
              <lines>
                <line number="255" hits="3"/>
              </lines>
            </method>
            <method name="(anonymous_48)" hits="5" signature="()V">
              <lines>
                <line number="266" hits="5"/>
              </lines>
            </method>
            <method name="(anonymous_49)" hits="35" signature="()V">
              <lines>
                <line number="270" hits="35"/>
              </lines>
            </method>
          </methods>
          <lines>
            <line number="4" hits="1" branch="false"/>
            <line number="9" hits="1" branch="false"/>
            <line number="11" hits="1" branch="false"/>
            <line number="13" hits="1" branch="false"/>
            <line number="20" hits="35" branch="false"/>
            <line number="21" hits="35" branch="false"/>
            <line number="22" hits="35" branch="false"/>
            <line number="24" hits="35" branch="false"/>
            <line number="25" hits="35" branch="false"/>
            <line number="29" hits="35" branch="false"/>
            <line number="30" hits="35" branch="false"/>
            <line number="32" hits="35" branch="false"/>
            <line number="33" hits="1" branch="false"/>
            <line number="34" hits="1" branch="false"/>
            <line number="37" hits="35" branch="false"/>
            <line number="38" hits="2" branch="false"/>
            <line number="42" hits="2" branch="true" condition-coverage="100% (2/2)"/>
            <line number="44" hits="2" branch="true" condition-coverage="100% (2/2)"/>
            <line number="45" hits="1" branch="false"/>
            <line number="47" hits="2" branch="false"/>
            <line number="55" hits="35" branch="false"/>
            <line number="56" hits="2" branch="false"/>
            <line number="58" hits="2" branch="true" condition-coverage="50% (1/2)"/>
            <line number="59" hits="2" branch="false"/>
            <line number="60" hits="2" branch="false"/>
            <line number="62" hits="2" branch="false"/>
            <line number="63" hits="6" branch="false"/>
            <line number="67" hits="35" branch="false"/>
            <line number="68" hits="1" branch="false"/>
            <line number="69" hits="1" branch="false"/>
            <line number="72" hits="35" branch="false"/>
            <line number="73" hits="1" branch="false"/>
            <line number="74" hits="1" branch="false"/>
            <line number="77" hits="35" branch="false"/>
            <line number="78" hits="1" branch="false"/>
            <line number="79" hits="1" branch="false"/>
            <line number="80" hits="1" branch="false"/>
            <line number="83" hits="35" branch="false"/>
            <line number="84" hits="1" branch="false"/>
            <line number="85" hits="1" branch="false"/>
            <line number="88" hits="35" branch="false"/>
            <line number="89" hits="1" branch="false"/>
            <line number="90" hits="1" branch="false"/>
            <line number="93" hits="35" branch="false"/>
            <line number="94" hits="1" branch="false"/>
            <line number="97" hits="35" branch="false"/>
            <line number="98" hits="1" branch="false"/>
            <line number="101" hits="35" branch="false"/>
            <line number="102" hits="1" branch="false"/>
            <line number="105" hits="35" branch="false"/>
            <line number="106" hits="2" branch="true" condition-coverage="100% (2/2)"/>
            <line number="107" hits="1" branch="false"/>
            <line number="108" hits="1" branch="false"/>
            <line number="110" hits="2" branch="false"/>
            <line number="113" hits="35" branch="false"/>
            <line number="114" hits="3" branch="false"/>
            <line number="115" hits="3" branch="false"/>
            <line number="118" hits="35" branch="false"/>
            <line number="119" hits="1" branch="false"/>
            <line number="120" hits="1" branch="false"/>
            <line number="123" hits="35" branch="false"/>
            <line number="124" hits="1" branch="false"/>
            <line number="129" hits="35" branch="false"/>
            <line number="130" hits="1" branch="false"/>
            <line number="131" hits="0" branch="false"/>
            <line number="132" hits="0" branch="false"/>
            <line number="135" hits="35" branch="false"/>
            <line number="136" hits="1" branch="false"/>
            <line number="137" hits="1" branch="false"/>
            <line number="138" hits="1" branch="false"/>
            <line number="141" hits="35" branch="false"/>
            <line number="153" hits="3" branch="false"/>
            <line number="157" hits="35" branch="false"/>
            <line number="158" hits="2" branch="false"/>
            <line number="159" hits="2" branch="false"/>
            <line number="165" hits="35" branch="false"/>
            <line number="166" hits="1" branch="false"/>
            <line number="167" hits="0" branch="false"/>
            <line number="170" hits="35" branch="false"/>
            <line number="171" hits="1" branch="false"/>
            <line number="173" hits="1" branch="false"/>
            <line number="174" hits="0" branch="false"/>
            <line number="175" hits="0" branch="false"/>
            <line number="177" hits="0" branch="false"/>
            <line number="180" hits="35" branch="false"/>
            <line number="181" hits="1" branch="false"/>
            <line number="184" hits="35" branch="false"/>
            <line number="187" hits="35" branch="false"/>
            <line number="189" hits="4" branch="true" condition-coverage="100% (2/2)"/>
            <line number="191" hits="2" branch="false"/>
            <line number="194" hits="2" branch="true" condition-coverage="100% (2/2)"/>
            <line number="195" hits="1" branch="false"/>
            <line number="196" hits="0" branch="false"/>
            <line number="197" hits="0" branch="false"/>
            <line number="198" hits="0" branch="false"/>
            <line number="199" hits="0" branch="false"/>
            <line number="205" hits="35" branch="false"/>
            <line number="206" hits="3" branch="false"/>
            <line number="207" hits="3" branch="true" condition-coverage="100% (2/2)"/>
            <line number="208" hits="2" branch="false"/>
            <line number="209" hits="2" branch="false"/>
            <line number="210" hits="2" branch="false"/>
            <line number="211" hits="2" branch="false"/>
            <line number="214" hits="2" branch="true" condition-coverage="100% (2/2)"/>
            <line number="215" hits="1" branch="false"/>
            <line number="220" hits="35" branch="false"/>
            <line number="221" hits="2" branch="false"/>
            <line number="222" hits="2" branch="false"/>
            <line number="223" hits="2" branch="true" condition-coverage="100% (2/2)"/>
            <line number="224" hits="1" branch="false"/>
            <line number="228" hits="35" branch="false"/>
            <line number="229" hits="7" branch="false"/>
            <line number="232" hits="35" branch="false"/>
            <line number="233" hits="7" branch="false"/>
            <line number="236" hits="35" branch="false"/>
            <line number="237" hits="4" branch="false"/>
            <line number="238" hits="4" branch="true" condition-coverage="100% (2/2)"/>
            <line number="239" hits="2" branch="false"/>
            <line number="240" hits="2" branch="false"/>
            <line number="246" hits="35" branch="false"/>
            <line number="255" hits="3" branch="false"/>
            <line number="256" hits="3" branch="false"/>
            <line number="257" hits="3" branch="true" condition-coverage="100% (2/2)"/>
            <line number="258" hits="1" branch="false"/>
            <line number="267" hits="5" branch="false"/>
            <line number="271" hits="35" branch="false"/>
            <line number="272" hits="35" branch="false"/>
          </lines>
        </class>
      </classes>
    </package>
    <package name="utils" line-rate="1" branch-rate="1">
      <classes>
        <class name="env.ts" filename="app\utils\env.ts" line-rate="1" branch-rate="1">
          <methods>
          </methods>
          <lines>
            <line number="2" hits="1" branch="false"/>
            <line number="3" hits="1" branch="false"/>
            <line number="7" hits="1" branch="false"/>
            <line number="8" hits="1" branch="false"/>
            <line number="11" hits="1" branch="false"/>
            <line number="12" hits="1" branch="false"/>
            <line number="13" hits="1" branch="false"/>
            <line number="16" hits="1" branch="false"/>
            <line number="17" hits="1" branch="false"/>
            <line number="20" hits="1" branch="false"/>
            <line number="21" hits="1" branch="false"/>
            <line number="22" hits="1" branch="false"/>
            <line number="23" hits="1" branch="false"/>
            <line number="25" hits="1" branch="false"/>
            <line number="29" hits="1" branch="false"/>
            <line number="31" hits="1" branch="false"/>
            <line number="32" hits="1" branch="false"/>
            <line number="33" hits="1" branch="false"/>
            <line number="34" hits="1" branch="false"/>
            <line number="35" hits="1" branch="false"/>
            <line number="36" hits="1" branch="false"/>
          </lines>
        </class>
      </classes>
    </package>
  </packages>
</coverage>
